<?xml version="1.0" encoding="UTF-8"?>
<!-- Generated by org.testng.reporters.JUnitReportReporter -->
<testsuite skipped="1" hostname="sha-lri-pc-249" name="com.ecshop.test.LoginTest" tests="1" failures="0" timestamp="28 Feb 2018 03:51:14 GMT" time="0.000" errors="0">
  <testcase name="loginTest1" time="0.000" classname="com.ecshop.test.LoginTest">
    <skipped/>
  </testcase> <!-- loginTest1 -->
</testsuite> <!-- com.ecshop.test.LoginTest -->
